Performing C SOURCE FILE Test CMAKE_HAVE_LIBC_PTHREAD failed with the following output:
Change Dir: /workspace/ONNXim/build/CMakeFiles/CMakeTmp

Run Build Command(s):/usr/bin/make -f Makefile cmTC_5397f/fast && /usr/bin/make  -f CMakeFiles/cmTC_5397f.dir/build.make CMakeFiles/cmTC_5397f.dir/build
make[1]: Entering directory '/workspace/ONNXim/build/CMakeFiles/CMakeTmp'
Building C object CMakeFiles/cmTC_5397f.dir/src.c.o
/usr/bin/cc -DCMAKE_HAVE_LIBC_PTHREAD  -fPIE -o CMakeFiles/cmTC_5397f.dir/src.c.o -c /workspace/ONNXim/build/CMakeFiles/CMakeTmp/src.c
Linking C executable cmTC_5397f
/usr/local/bin/cmake -E cmake_link_script CMakeFiles/cmTC_5397f.dir/link.txt --verbose=1
/usr/bin/cc CMakeFiles/cmTC_5397f.dir/src.c.o -o cmTC_5397f 
/usr/bin/ld: CMakeFiles/cmTC_5397f.dir/src.c.o: in function `main':
src.c:(.text+0x46): undefined reference to `pthread_create'
/usr/bin/ld: src.c:(.text+0x52): undefined reference to `pthread_detach'
/usr/bin/ld: src.c:(.text+0x5e): undefined reference to `pthread_cancel'
/usr/bin/ld: src.c:(.text+0x6f): undefined reference to `pthread_join'
collect2: error: ld returned 1 exit status
make[1]: *** [CMakeFiles/cmTC_5397f.dir/build.make:99: cmTC_5397f] Error 1
make[1]: Leaving directory '/workspace/ONNXim/build/CMakeFiles/CMakeTmp'
make: *** [Makefile:127: cmTC_5397f/fast] Error 2


Source file was:
#include <pthread.h>

static void* test_func(void* data)
{
  return data;
}

int main(void)
{
  pthread_t thread;
  pthread_create(&thread, NULL, test_func, NULL);
  pthread_detach(thread);
  pthread_cancel(thread);
  pthread_join(thread, NULL);
  pthread_atfork(NULL, NULL, NULL);
  pthread_exit(NULL);

  return 0;
}

Determining if the function pthread_create exists in the pthreads failed with the following output:
Change Dir: /workspace/ONNXim/build/CMakeFiles/CMakeTmp

Run Build Command(s):/usr/bin/make -f Makefile cmTC_1130f/fast && /usr/bin/make  -f CMakeFiles/cmTC_1130f.dir/build.make CMakeFiles/cmTC_1130f.dir/build
make[1]: Entering directory '/workspace/ONNXim/build/CMakeFiles/CMakeTmp'
Building C object CMakeFiles/cmTC_1130f.dir/CheckFunctionExists.c.o
/usr/bin/cc   -DCHECK_FUNCTION_EXISTS=pthread_create -fPIE -o CMakeFiles/cmTC_1130f.dir/CheckFunctionExists.c.o -c /usr/local/share/cmake-3.22/Modules/CheckFunctionExists.c
Linking C executable cmTC_1130f
/usr/local/bin/cmake -E cmake_link_script CMakeFiles/cmTC_1130f.dir/link.txt --verbose=1
/usr/bin/cc    -DCHECK_FUNCTION_EXISTS=pthread_create CMakeFiles/cmTC_1130f.dir/CheckFunctionExists.c.o -o cmTC_1130f  -lpthreads 
/usr/bin/ld: cannot find -lpthreads
collect2: error: ld returned 1 exit status
make[1]: *** [CMakeFiles/cmTC_1130f.dir/build.make:99: cmTC_1130f] Error 1
make[1]: Leaving directory '/workspace/ONNXim/build/CMakeFiles/CMakeTmp'
make: *** [Makefile:127: cmTC_1130f/fast] Error 2



